2020-09-16 16:41:18|   0.2|  0.2|INFORM|FME 2019.1.2.0 (20190829 - Build 19630 - linux-x64)
2020-09-16 16:41:18|   0.2|  0.0|INFORM|FME_HOME is '/opt/fme-desktop-2019/'
2020-09-16 16:41:18|   0.2|  0.0|INFORM|FME Home Edition (node locked-crc)
2020-09-16 16:41:18|   0.2|  0.0|INFORM|Serial Number: 0
2020-09-16 16:41:18|   0.2|  0.0|INFORM|Temporary License: 366 days left.
2020-09-16 16:41:18|   0.2|  0.0|INFORM|Machine host name is: rondmc
2020-09-16 16:41:18|   0.2|  0.0|INFORM|START - ProcessID: 11122, peak process memory usage: 20742 kB, current process memory usage: 20742 kB
2020-09-16 16:41:18|   0.2|  0.0|INFORM|FME Configuration: Command line arguments are `/opt/fme-desktop-2019//bin/fme' `/home/ronux/projects/bgt/app/source_data/aanmaak_producten_bgt/wb-xlate-1600267275555_6582' `LOG_STANDARDOUT' `YES' `LogCountServerName' `{df92519e-7a05-4f5c-9d8e-8cad9a786234}'
2020-09-16 16:41:18|   0.2|  0.0|INFORM|FME Configuration: Connection Storage: '/home/ronux//.Safe Software/FME/'
2020-09-16 16:41:18|   0.3|  0.0|INFORM|Shared folders for formats are : /opt/fme-desktop-2019/datasources;/home/ronux/.fme/Formats
2020-09-16 16:41:18|   0.3|  0.0|INFORM|Shared folders for transformers are : /home/ronux/.Safe Software/FME/Packages/19630-linux-x64/transformers;/opt/fme-desktop-2019/transformers
2020-09-16 16:41:18|   0.3|  0.0|INFORM|Shared folders for coordinate systems are : /home/ronux/.fme/CoordinateSystems
2020-09-16 16:41:18|   0.3|  0.0|INFORM|Shared folders for coordinate system exceptions are : /home/ronux/.fme/CoordinateSystemExceptions
2020-09-16 16:41:18|   0.3|  0.0|INFORM|Shared folders for coordinate system grid overrides are : /home/ronux/.fme/CoordinateSystemGridOverrides
2020-09-16 16:41:18|   0.3|  0.0|INFORM|Shared folders for CS-MAP transformation exceptions are : /home/ronux/.fme/CsmapTransformationExceptions
2020-09-16 16:41:18|   0.3|  0.0|INFORM|Shared folders for transformer categories are : /home/ronux/.fme/TransformerCategories
2020-09-16 16:41:18|   0.3|  0.0|INFORM|Mapping File Identifier is: Van pseudoviews naar DGN v8
2020-09-16 16:41:18|   0.3|  0.0|INFORM|FME Configuration: Reader Keyword is `MULTI_READER'
2020-09-16 16:41:18|   0.3|  0.0|INFORM|FME Configuration: Writer Keyword is `MULTI_WRITER'
2020-09-16 16:41:18|   0.3|  0.0|INFORM|FME Configuration: Writer Group Definition Keyword is `MULTI_WRITER_DEF'
2020-09-16 16:41:18|   0.3|  0.0|INFORM|FME Configuration: Reader type is `MULTI_READER'
2020-09-16 16:41:18|   0.3|  0.0|INFORM|FME Configuration: Writer type is `MULTI_WRITER'
2020-09-16 16:41:18|   0.3|  0.0|INFORM|FME Configuration: No destination coordinate system set
2020-09-16 16:41:18|   0.3|  0.0|INFORM|FME Configuration: Current working folder is `/home/ronux/projects/bgt/app/source_data/aanmaak_producten_bgt'
2020-09-16 16:41:18|   0.3|  0.0|INFORM|FME Configuration: Temporary folder is in the system location `/tmp'
2020-09-16 16:41:18|   0.3|  0.0|INFORM|FME Configuration: FME_HOME is `/opt/fme-desktop-2019/'
2020-09-16 16:41:18|   0.3|  0.0|INFORM|FME Configuration: FME_BASE is 'no'
2020-09-16 16:41:18|   0.3|  0.0|INFORM|FME Configuration: FME_MF_DIR is '/home/ronux/projects/bgt/app/source_data/aanmaak_producten_bgt/'
2020-09-16 16:41:18|   0.3|  0.0|INFORM|FME Configuration: FME_MF_NAME is 'aanmaak_dgn_uit_DB_BGT_diacriet.fmw'
2020-09-16 16:41:18|   0.3|  0.0|INFORM|FME Configuration: FME_PRODUCT_NAME is 'FME(R) 2019.1.2.0'
2020-09-16 16:41:18|   0.3|  0.0|INFORM|System Status: 156.15 GB of disk space available in the FME temporary folder (/tmp)
2020-09-16 16:41:18|   0.3|  0.0|INFORM|System Status: 14.84 GB of virtual memory available
2020-09-16 16:41:18|   0.3|  0.0|INFORM|Operating System: Ubuntu 18.04.5 LTS (Bionic Beaver)
2020-09-16 16:41:18|   0.3|  0.0|INFORM|FME Platform: linux-x64
2020-09-16 16:41:18|   0.3|  0.0|INFORM|The memory allocator being used by FME is : `/usr/lib/x86_64-linux-gnu/libtcmalloc_minimal.so.4'
2020-09-16 16:41:18|   0.3|  0.0|INFORM|Locale: en_US
2020-09-16 16:41:18|   0.3|  0.0|INFORM|FME Configuration: Process limit is 15.46 GB of physical memory
2020-09-16 16:41:18|   0.3|  0.0|INFORM|FME Configuration: Start freeing memory when process usage exceeds 13.67 GB of virtual memory
2020-09-16 16:41:18|   0.3|  0.0|INFORM|FME Configuration: Stop freeing memory when process usage is below 10.25 GB of virtual memory
2020-09-16 16:41:18|   0.3|  0.0|INFORM|Creating writer for format: 
2020-09-16 16:41:18|   0.3|  0.0|INFORM|Creating reader for format: 
2020-09-16 16:41:18|   0.3|  0.0|INFORM|MULTI_READER(MULTI_READER): Will fail with first member reader failure
2020-09-16 16:41:18|   0.3|  0.0|INFORM|MULTI_READER(MULTI_READER): Adding POSTGIS Reader with keyword POSTGIS_1
2020-09-16 16:41:18|   0.3|  0.0|INFORM|Using Multi Reader with keyword `MULTI_READER' to read multiple datasets
2020-09-16 16:41:19|   0.7|  0.4|INFORM|FME Configuration: Using connection values from 'FMEcloud_db' for POSTGIS_1
2020-09-16 16:41:19|   0.7|  0.0|INFORM|Creating reader for format: PostGIS
2020-09-16 16:41:19|   0.7|  0.0|INFORM|Trying to find a DYNAMIC plugin for reader named `POSTGIS'
2020-09-16 16:41:19|   0.7|  0.0|INFORM|FME Configuration: Source coordinate system for reader POSTGIS_1[POSTGIS] set to `EPSG:28992'
2020-09-16 16:41:19|   0.8|  0.1|INFORM|Coordinate System `EPSG:28992' parameters: CS_NAME=`Netherlands-RDNew-2008' DESC_NM=`Netherlands, Amersfoort RD 2008 datum, New System' DT_NAME=`Amersfoort-RD-2008' GROUP=`EUROPE' MAP_SCL=`1' ORG_LAT=`52.15616055555556' ORG_LNG=`5.387638888888889' PROJ=`OSTERO' QUAD=`1' SCL_RED=`0.9999079' SOURCE=`Kadaster' UNIT=`METER' X_OFF=`155000' Y_OFF=`463000'
2020-09-16 16:41:19|   0.8|  0.0|INFORM|LD_LIBRARY_PATH is '/opt/fme-desktop-2019/plugins:/opt/fme-desktop-2019//fmecore:/opt/fme-desktop-2019:/opt/fme-desktop-2019/fmecore'
2020-09-16 16:41:19|   0.8|  0.0|INFORM|Loaded module 'POSTGIS' from file '/opt/fme-desktop-2019/plugins/postgis.so'
2020-09-16 16:41:19|   0.8|  0.0|INFORM|FME API version of module 'POSTGIS' matches current internal version (3.8 20190621)
2020-09-16 16:41:19|   0.8|  0.0|INFORM|Opening POSTGIS reader for dataset 'gisdb'
2020-09-16 16:43:28|   1.1|  0.3|ERROR |Error connecting to PostgreSQL database(host='35.157.156.149', port='5401', dbname='gisdb', user='dbuser', password='***'): 'could not connect to server: Connection timed out
	Is the server running on host "35.157.156.149" and accepting
	TCP/IP connections on port 5401?
'
2020-09-16 16:43:28|   1.1|  0.0|INFORM|Successfully closed POSTGIS database reader
2020-09-16 16:43:28|   1.1|  0.0|STATS |POSTGIS_1ClippingFactoryPipeline::CLIPPER (ClippingFactory): Processed 0 input feature(s), of which 0 feature(s) were clipped, 0 feature(s) were totally inside and 0 feature(s) were totally outside
2020-09-16 16:43:28|   1.1|  0.0|ERROR |Reader failed in open() call
2020-09-16 16:43:28|   1.1|  0.0|INFORM|Translation FAILED with 2 error(s) and 0 warning(s) (0 feature(s) output)
2020-09-16 16:43:28|   1.1|  0.0|INFORM|FME Session Duration: 2 minutes 10.1 seconds. (CPU: 0.5s user, 0.4s system)
2020-09-16 16:43:28|   1.1|  0.0|INFORM|END - ProcessID: 11122, peak process memory usage: 65894 kB, current process memory usage: 57213 kB
